[LOG] System::create                           : Header version = 2.01.11. Current version = 2.01.11.
[LOG] Manager::init                            : maxchannels = 256 studioflags = 00000006 flags 00000000 extradriverdata 0000000000000000.
[LOG] SystemI::init                            : Initialize version=20111 (118066), maxchannels=256, flags=0x00020000
[LOG] SystemI::setOutputInternal               : Setting output to 'FMOD WASAPI Output'
[LOG] OutputWASAPI::init                       : Mix Format (WAVEFORMATEX): wFormatTag=0xFFFE, nChannels=2, nSamplesPerSec=48000, nAvgBytesPerSec=384000, nBlockAlign=8, wBitsPerSample=32, cbSize=22.
[LOG] OutputWASAPI::init                       : Mix Format (WAVEFORMATEXTENSIBLE): wValidBitsPerSample=32, dwChannelMask=0x00000003, SubFormat=00000003-0000-0010-8000-00AA00389B71.
[LOG] OutputWASAPI::init                       : Output buffer size: 4096 samples, latency: 0.00ms, period: 10.00ms, DSP buffer: 1024 * 4
[LOG] Thread::initThread                       : Init FMOD stream thread. Affinity: 0x8000000000000003, Priority: 0xFFFF7FFB, Stack Size: 98304, Semaphore: No, Sleep Time: 10, Looping: Yes.
[LOG] Thread::initThread                       : Init FMOD mixer thread. Affinity: 0x8000000000000001, Priority: 0xFFFF7FFA, Stack Size: 81920, Semaphore: No, Sleep Time: 0, Looping: Yes.
[LOG] AsyncManager::init                       : manager 0000026CEE862298 isAsync 0 updatePeriod 0.02
[LOG] AsyncManager::init                       : done
[LOG] PlaybackSystem::init                     : 
[LOG] Thread::initThread                       : Init FMOD Studio sample load thread. Affinity: 0x8000000000000003, Priority: 0xFFFF7FFD, Stack Size: 98304, Semaphore: No, Sleep Time: 1, Looping: No.
[LOG] PlaybackSystem::init                     : done
[LOG] Thread::initThread                       : Init FMOD Studio bank load thread. Affinity: 0x8000000000000003, Priority: 0xFFFF7FFD, Stack Size: 98304, Semaphore: No, Sleep Time: 1, Looping: No.
[LOG] Manager::init                            : done.
[LOG] Manager::readBank                        : fileversion = 135, compatVersion = 132 (oldest = 44, newest = 135)
[LOG] Manager::readBank                        : fileversion = 135, compatVersion = 132 (oldest = 44, newest = 135)
[LOG] Manager::readBank                        : fileversion = 135, compatVersion = 132 (oldest = 44, newest = 135)
[LOG] PlaybackSystem::acquireMasterBus         : Setting master channel group format to 6
[LOG] SystemI::createSoundInternal             : Create name='', mode=0x02000202
[LOG] SystemI::createSoundInternal             : exinfo->cbsize             = 224
[LOG] SystemI::createSoundInternal             : exinfo->length             = 1595168
[LOG] SystemI::createSoundInternal             : exinfo->fileoffset         = 21664
[LOG] SystemI::createSoundInternal             : exinfo->numsubsounds       = 1
[LOG] SystemI::createSoundInternal             : exinfo->inclusionlist      = 00000082DB7FEF28
[LOG] SystemI::createSoundInternal             : exinfo->inclusionlistnum   = 1
[LOG] SystemI::createSoundInternal             : exinfo->suggestedsoundtype = 5
[LOG] SystemI::createSoundInternal             : exinfo->useropen           = 00007FF9B5F860E0
[LOG] SystemI::createSoundInternal             : exinfo->userclose          = 00007FF9B5F860B0
[LOG] SystemI::createSoundInternal             : exinfo->userread           = 00007FF9B5F861B0
[LOG] SystemI::createSoundInternal             : exinfo->userseek           = 00007FF9B5F86270
[LOG] SystemI::createSoundInternal             : exinfo->fileuserdata       = 0000026CDD050BB8
[LOG] SystemI::createSoundInternal             : exinfo->initialseekpostype = 1
[LOG] SystemI::DSPCodecPoolRegister            : register codec pool for pool type 5
[LOG] SystemI::createSoundInternal             : Sample 0/1: name='ChooseBacteria', format=5, channels=2, frequency=48000, lengthbytes=4512, lengthpcm=22569, pcmblocksize=0, loopstart=0, loopend=0, mode=0x00000000, channelmask=0x00000000, channelorder=0, peakvolume=0.245819.
[LOG] SystemI::createSoundInternal             : Create name='', mode=0x02000202
[LOG] SystemI::createSoundInternal             : exinfo->cbsize             = 224
[LOG] SystemI::createSoundInternal             : exinfo->length             = 1595168
[LOG] SystemI::createSoundInternal             : exinfo->fileoffset         = 21664
[LOG] SystemI::createSoundInternal             : exinfo->numsubsounds       = 1
[LOG] SystemI::createSoundInternal             : exinfo->inclusionlist      = 00000082DB7FEF28
[LOG] SystemI::createSoundInternal             : exinfo->inclusionlistnum   = 1
[LOG] SystemI::createSoundInternal             : exinfo->suggestedsoundtype = 5
[LOG] SystemI::createSoundInternal             : exinfo->useropen           = 00007FF9B5F860E0
[LOG] SystemI::createSoundInternal             : exinfo->userclose          = 00007FF9B5F860B0
[LOG] SystemI::createSoundInternal             : exinfo->userread           = 00007FF9B5F861B0
[LOG] SystemI::createSoundInternal             : exinfo->userseek           = 00007FF9B5F86270
[LOG] SystemI::createSoundInternal             : exinfo->fileuserdata       = 0000026C3212B0B8
[LOG] SystemI::createSoundInternal             : exinfo->initialseekpostype = 1
[LOG] SystemI::DSPCodecPoolRegister            : register codec pool for pool type 5
[LOG] SystemI::createSoundInternal             : Sample 0/1: name='ButtonSFX', format=5, channels=2, frequency=48000, lengthbytes=4576, lengthpcm=15046, pcmblocksize=0, loopstart=0, loopend=0, mode=0x00000000, channelmask=0x00000000, channelorder=0, peakvolume=0.374207.
[LOG] SystemI::createSoundInternal             : Create name='', mode=0x02000202
[LOG] SystemI::createSoundInternal             : exinfo->cbsize             = 224
[LOG] SystemI::createSoundInternal             : exinfo->length             = 1595168
[LOG] SystemI::createSoundInternal             : exinfo->fileoffset         = 21664
[LOG] SystemI::createSoundInternal             : exinfo->numsubsounds       = 1
[LOG] SystemI::createSoundInternal             : exinfo->inclusionlist      = 00000082DB7FEF28
[LOG] SystemI::createSoundInternal             : exinfo->inclusionlistnum   = 1
[LOG] SystemI::createSoundInternal             : exinfo->suggestedsoundtype = 5
[LOG] SystemI::createSoundInternal             : exinfo->useropen           = 00007FF9B5F860E0
[LOG] SystemI::createSoundInternal             : exinfo->userclose          = 00007FF9B5F860B0
[LOG] SystemI::createSoundInternal             : exinfo->userread           = 00007FF9B5F861B0
[LOG] SystemI::createSoundInternal             : exinfo->userseek           = 00007FF9B5F86270
[LOG] SystemI::createSoundInternal             : exinfo->fileuserdata       = 0000026CDD2D9B78
[LOG] SystemI::createSoundInternal             : exinfo->initialseekpostype = 1
[LOG] SystemI::DSPCodecPoolRegister            : register codec pool for pool type 5
[LOG] SystemI::createSoundInternal             : Sample 0/1: name='ShootButtonSFX', format=5, channels=2, frequency=48000, lengthbytes=5600, lengthpcm=23823, pcmblocksize=0, loopstart=0, loopend=0, mode=0x00000000, channelmask=0x00000000, channelorder=0, peakvolume=0.564514.
[LOG] SystemI::createSoundInternal             : Create name='', mode=0x02000202
[LOG] SystemI::createSoundInternal             : exinfo->cbsize             = 224
[LOG] SystemI::createSoundInternal             : exinfo->length             = 1595168
[LOG] SystemI::createSoundInternal             : exinfo->fileoffset         = 21664
[LOG] SystemI::createSoundInternal             : exinfo->numsubsounds       = 1
[LOG] SystemI::createSoundInternal             : exinfo->inclusionlist      = 00000082DB7FEF28
[LOG] SystemI::createSoundInternal             : exinfo->inclusionlistnum   = 1
[LOG] SystemI::createSoundInternal             : exinfo->suggestedsoundtype = 5
[LOG] SystemI::createSoundInternal             : exinfo->useropen           = 00007FF9B5F860E0
[LOG] SystemI::createSoundInternal             : exinfo->userclose          = 00007FF9B5F860B0
[LOG] SystemI::createSoundInternal             : exinfo->userread           = 00007FF9B5F861B0
[LOG] SystemI::createSoundInternal             : exinfo->userseek           = 00007FF9B5F86270
[LOG] SystemI::createSoundInternal             : exinfo->fileuserdata       = 0000026CDD2D9B78
[LOG] SystemI::createSoundInternal             : exinfo->initialseekpostype = 1
[LOG] SystemI::DSPCodecPoolRegister            : register codec pool for pool type 5
[LOG] SystemI::createSoundInternal             : Sample 0/1: name='SniperShoot', format=5, channels=2, frequency=48000, lengthbytes=12672, lengthpcm=48901, pcmblocksize=0, loopstart=0, loopend=0, mode=0x00000000, channelmask=0x00000000, channelorder=0, peakvolume=0.678284.
[LOG] SystemI::createSoundInternal             : Create name='', mode=0x02000202
[LOG] SystemI::createSoundInternal             : exinfo->cbsize             = 224
[LOG] SystemI::createSoundInternal             : exinfo->length             = 1595168
[LOG] SystemI::createSoundInternal             : exinfo->fileoffset         = 21664
[LOG] SystemI::createSoundInternal             : exinfo->numsubsounds       = 1
[LOG] SystemI::createSoundInternal             : exinfo->inclusionlist      = 00000082DB7FEF28
[LOG] SystemI::createSoundInternal             : exinfo->inclusionlistnum   = 1
[LOG] SystemI::createSoundInternal             : exinfo->suggestedsoundtype = 5
[LOG] SystemI::createSoundInternal             : exinfo->useropen           = 00007FF9B5F860E0
[LOG] SystemI::createSoundInternal             : exinfo->userclose          = 00007FF9B5F860B0
[LOG] SystemI::createSoundInternal             : exinfo->userread           = 00007FF9B5F861B0
[LOG] SystemI::createSoundInternal             : exinfo->userseek           = 00007FF9B5F86270
[LOG] SystemI::createSoundInternal             : exinfo->fileuserdata       = 0000026CDD2D9B78
[LOG] SystemI::createSoundInternal             : exinfo->initialseekpostype = 1
[LOG] SystemI::DSPCodecPoolRegister            : register codec pool for pool type 5
[LOG] SystemI::createSoundInternal             : Sample 0/1: name='WallBouncing', format=5, channels=2, frequency=48000, lengthbytes=10752, lengthpcm=75232, pcmblocksize=0, loopstart=0, loopend=0, mode=0x00000000, channelmask=0x00000000, channelorder=0, peakvolume=0.975250.
[LOG] SystemI::createSoundInternal             : Create name='', mode=0x02000202
[LOG] SystemI::createSoundInternal             : exinfo->cbsize             = 224
[LOG] SystemI::createSoundInternal             : exinfo->length             = 1595168
[LOG] SystemI::createSoundInternal             : exinfo->fileoffset         = 21664
[LOG] SystemI::createSoundInternal             : exinfo->numsubsounds       = 1
[LOG] SystemI::createSoundInternal             : exinfo->inclusionlist      = 00000082DB7FEF28
[LOG] SystemI::createSoundInternal             : exinfo->inclusionlistnum   = 1
[LOG] SystemI::createSoundInternal             : exinfo->suggestedsoundtype = 5
[LOG] SystemI::createSoundInternal             : exinfo->useropen           = 00007FF9B5F860E0
[LOG] SystemI::createSoundInternal             : exinfo->userclose          = 00007FF9B5F860B0
[LOG] SystemI::createSoundInternal             : exinfo->userread           = 00007FF9B5F861B0
[LOG] SystemI::createSoundInternal             : exinfo->userseek           = 00007FF9B5F86270
[LOG] SystemI::createSoundInternal             : exinfo->fileuserdata       = 0000026CDD2D9B78
[LOG] SystemI::createSoundInternal             : exinfo->initialseekpostype = 1
[LOG] SystemI::DSPCodecPoolRegister            : register codec pool for pool type 5
[LOG] SystemI::createSoundInternal             : Sample 0/1: name='SniperImpact', format=5, channels=2, frequency=48000, lengthbytes=5984, lengthpcm=28839, pcmblocksize=0, loopstart=0, loopend=0, mode=0x00000000, channelmask=0x00000000, channelorder=0, peakvolume=0.703766.
[LOG] SoundI::release                          :  (0000026CDD295AB8)
[LOG] SoundI::release                          :     ChooseBacteria (0000026C57333E48)
[LOG] SoundI::release                          :  (0000026C34F18D08)
[LOG] SoundI::release                          :     ButtonSFX (0000026C57332788)
[LOG] SoundI::release                          :  (0000026C1AA516D8)
[LOG] SoundI::release                          :     ShootButtonSFX (0000026C57333148)
[LOG] SoundI::release                          :  (0000026A4E165768)
[LOG] SoundI::release                          :     SniperShoot (0000026C573356A8)
[LOG] SoundI::release                          :  (0000026A4E164348)
[LOG] SoundI::release                          :     WallBouncing (0000026C57333FE8)
[LOG] SoundI::release                          :  (0000026A4E164908)
[LOG] SoundI::release                          :     SniperImpact (0000026C573344C8)
[LOG] SoundI::release                          :  (0000026CEE238F98)
[LOG] SoundI::release                          :     NeveraSFX (0000026C34ECA6D8)
[LOG] Thread::callback                         : FMOD Studio update thread finished.
[LOG] Thread::callback                         : FMOD Studio bank load thread finished.
[LOG] Profile::disconnectAll                   : Profiler disconnecting all clients
[LOG] Thread::callback                         : FMOD Studio sample load thread finished.
[LOG] LiveUpdate::release                      : 
[LOG] LiveUpdate::reset                        : Reset connection (reason Disconnected)
[LOG] Thread::callback                         : FMOD stream thread finished.
[LOG] Thread::callback                         : FMOD mixer thread finished.
[LOG] Profile::disconnectAll                   : Profiler disconnecting all clients
[LOG] SystemI::close                           : Closed.
[LOG] Manager::readBank                        : fileversion = 135, compatVersion = 132 (oldest = 44, newest = 135)
[LOG] Manager::readBank                        : fileversion = 135, compatVersion = 132 (oldest = 44, newest = 135)
[LOG] Manager::readBank                        : fileversion = 135, compatVersion = 132 (oldest = 44, newest = 135)
[LOG] PlaybackSystem::acquireMasterBus         : Setting master channel group format to 6
